<?xml version="1.0" encoding="UTF-8"?>
<testng-results ignored="0" total="1" passed="1" failed="0" skipped="0">
  <reporter-output>
  </reporter-output>
  <suite started-at="2025-04-06T18:25:27 IST" name="Default suite" finished-at="2025-04-06T18:25:27 IST" duration-ms="366">
    <groups>
    </groups>
    <test started-at="2025-04-06T18:25:27 IST" name="Default test" finished-at="2025-04-06T18:25:27 IST" duration-ms="366">
      <class name="Package1.WriteTest">
        <test-method signature="ReadTest()[pri:0, instance:Package1.WriteTest@1b7cc17c]" started-at="2025-04-06T18:25:27 IST" name="ReadTest" finished-at="2025-04-06T18:25:27 IST" duration-ms="74" status="PASS">
          <reporter-output>
          </reporter-output>
        </test-method> <!-- ReadTest -->
      </class> <!-- Package1.WriteTest -->
    </test> <!-- Default test -->
  </suite> <!-- Default suite -->
</testng-results>
